{"message":"update \"blogful_articles\" set \"folder_name\" = $1 where \"id\" = $2 - relation \"blogful_articles\" does not exist","level":"error"}
{"message":"update \"blogful_articles\" set \"folder_name\" = $1 where \"id\" = $2 - relation \"blogful_articles\" does not exist","level":"error"}
{"message":"Empty .update() call detected! Update data does not contain any values to update. This will result in a faulty query. Table: blogful_articles. Columns: updated folder name.","level":"error"}
{"message":"Empty .update() call detected! Update data does not contain any values to update. This will result in a faulty query. Table: blogful_articles. Columns: updated folder name.","level":"error"}
{"message":"update \"noteful_articles\" set \"folder_name\" = $1 where \"id\" = $2 - relation \"noteful_articles\" does not exist","level":"error"}
{"message":"seralizeNote is not defined","level":"error"}
{"message":"seralizeNote is not defined","level":"error"}
{"message":"seralizeNote is not defined","level":"error"}
{"message":"seralizeNote is not defined","level":"error"}
{"message":"seralizeNote is not defined","level":"error"}
{"message":"note is not defined","level":"error"}
{"message":"note is not defined","level":"error"}
{"message":"note is not defined","level":"error"}
{"message":"note is not defined","level":"error"}
{"message":"note is not defined","level":"error"}
{"message":"note is not defined","level":"error"}
{"message":"note is not defined","level":"error"}
{"message":"NotesService.insertNote(...).then(...).end is not a function","level":"error"}
{"message":"NotesService.insertNote(...).then(...).end is not a function","level":"error"}
{"message":"NotesService.insertNote(...).then(...).end is not a function","level":"error"}
{"message":"serializeFolder is not defined","level":"error"}
{"message":"serializeFolder is not defined","level":"error"}
{"message":"serializeFolder is not defined","level":"error"}
{"message":"serializeFolder is not defined","level":"error"}
{"message":"serializeFolder is not defined","level":"error"}
{"message":"serializeFolder is not defined","level":"error"}
{"message":"serializeFolder is not defined","level":"error"}
{"message":"serializeFolder is not defined","level":"error"}
{"message":"serializeFolder is not defined","level":"error"}
